21:15:20 com_github_zykrah_kicad-kle-placer.kle_placer_action 497: Plugin executed with python version: '3.11.5 (main, May 10 2024, 05:24:12) [MSC v.1939 64 bit (AMD64)]'
21:15:34 com_github_zykrah_kicad-kle-placer.kle_placer_action 512: User layout: Keyboard(meta=KeyboardMetadata(backcolor='#eeeeee', name='Bandung v1.0.0', author='Hikariakari', notes='', background=None, radii='', switchMount='cherry', switchBrand='cherry', switchType='MX1A-E1xx', plate=True, pcb=True), keys=[Key(color='#cccccc', labels=['M1', '', '', '', '', '', '', '', '', '', '', ''], text_color=[None, None, None, None, None, None, None, None, None, None, None, None], text_size=[None, None, None, None, None, None, None, None, None, None, None, None], default=KeyDefault(text_color='#000000', text_size=3), x=0.0, y=0.0, width=1.0, height=1.0, x2=0.0, y2=0.0, width2=1.0, height2=1.0, rotation_x=0.0, rotation_y=0.0, rotation_angle=0.0, decal=False, ghost=False, stepped=False, nub=False, profile='', sm='', sb='', st=''), Key(color='#cccccc', labels=['M2', '', '', '', '', '', '', '', '', '', '', ''], text_color=[None, None, None, None, None, None, None, None, None, None, None, None], text_size=[None, None, None, None, None, None, None, None, None, None, None, None], default=KeyDefault(text_color='#000000', text_size=3), x=1.0, y=0.0, width=1, height=1, x2=0, y2=0, width2=1, height2=1, rotation_x=0.0, rotation_y=0.0, rotation_angle=0.0, decal=False, ghost=False, stepped=False, nub=False, profile='', sm='', sb='', st=''), Key(color='#cccccc', labels=['M3', '', '', '', '', '', '', '', '', '', '', ''], text_color=[None, None, None, None, None, None, None, None, None, None, None, None], text_size=[None, None, None, None, None, None, None, None, None, None, None, None], default=KeyDefault(text_color='#000000', text_size=3), x=2.0, y=0.0, width=1, height=1, x2=0, y2=0, width2=1, height2=1, rotation_x=0.0, rotation_y=0.0, rotation_angle=0.0, decal=False, ghost=False, stepped=False, nub=False, profile='', sm='', sb='', st=''), Key(color='#cccccc', labels=['M4', '', '', '', '', '', '', '', '', '', '', ''], text_color=[None, None, None, None, None, None, None, None, None, None, None, None], text_size=[None, None, None, None, None, None, None, None, None, None, None, None], default=KeyDefault(text_color='#000000', text_size=3), x=3.0, y=0.0, width=1, height=1, x2=0, y2=0, width2=1, height2=1, rotation_x=0.0, rotation_y=0.0, rotation_angle=0.0, decal=False, ghost=False, stepped=False, nub=False, profile='', sm='', sb='', st=''), Key(color='#cccccc', labels=['M5', '', '', '', '', '', '', '', '', '', '', ''], text_color=[None, None, None, None, None, None, None, None, None, None, None, None], text_size=[None, None, None, None, None, None, None, None, None, None, None, None], default=KeyDefault(text_color='#000000', text_size=3), x=0.0, y=1.0, width=1, height=1, x2=0, y2=0, width2=1, height2=1, rotation_x=0.0, rotation_y=0.0, rotation_angle=0.0, decal=False, ghost=False, stepped=False, nub=False, profile='', sm='', sb='', st=''), Key(color='#cccccc', labels=['M6', '', '', '', '', '', '', '', '', '', '', ''], text_color=[None, None, None, None, None, None, None, None, None, None, None, None], text_size=[None, None, None, None, None, None, None, None, None, None, None, None], default=KeyDefault(text_color='#000000', text_size=3), x=1.0, y=1.0, width=1, height=1, x2=0, y2=0, width2=1, height2=1, rotation_x=0.0, rotation_y=0.0, rotation_angle=0.0, decal=False, ghost=False, stepped=False, nub=False, profile='', sm='', sb='', st=''), Key(color='#cccccc', labels=['M7', '', '', '', '', '', '', '', '', '', '', ''], text_color=[None, None, None, None, None, None, None, None, None, None, None, None], text_size=[None, None, None, None, None, None, None, None, None, None, None, None], default=KeyDefault(text_color='#000000', text_size=3), x=2.0, y=1.0, width=1, height=1, x2=0, y2=0, width2=1, height2=1, rotation_x=0.0, rotation_y=0.0, rotation_angle=0.0, decal=False, ghost=False, stepped=False, nub=False, profile='', sm='', sb='', st=''), Key(color='#cccccc', labels=['M8', '', '', '', '', '', '', '', '', '', '', ''], text_color=[None, None, None, None, None, None, None, None, None, None, None, None], text_size=[None, None, None, None, None, None, None, None, None, None, None, None], default=KeyDefault(text_color='#000000', text_size=3), x=3.0, y=1.0, width=1, height=1, x2=0, y2=0, width2=1, height2=1, rotation_x=0.0, rotation_y=0.0, rotation_angle=0.0, decal=False, ghost=False, stepped=False, nub=False, profile='', sm='', sb='', st=''), Key(color='#cccccc', labels=['M9', '', '', '', '', '', '', '', '', '', '', ''], text_color=[None, None, None, None, None, None, None, None, None, None, None, None], text_size=[None, None, None, None, None, None, None, None, None, None, None, None], default=KeyDefault(text_color='#000000', text_size=3), x=0.0, y=2.0, width=1, height=1, x2=0, y2=0, width2=1, height2=1, rotation_x=0.0, rotation_y=0.0, rotation_angle=0.0, decal=False, ghost=False, stepped=False, nub=False, profile='', sm='', sb='', st=''), Key(color='#cccccc', labels=['M10', '', '', '', '', '', '', '', '', '', '', ''], text_color=[None, None, None, None, None, None, None, None, None, None, None, None], text_size=[None, None, None, None, None, None, None, None, None, None, None, None], default=KeyDefault(text_color='#000000', text_size=3), x=1.0, y=2.0, width=1, height=1, x2=0, y2=0, width2=1, height2=1, rotation_x=0.0, rotation_y=0.0, rotation_angle=0.0, decal=False, ghost=False, stepped=False, nub=False, profile='', sm='', sb='', st=''), Key(color='#cccccc', labels=['M11', '', '', '', '', '', '', '', '', '', '', ''], text_color=[None, None, None, None, None, None, None, None, None, None, None, None], text_size=[None, None, None, None, None, None, None, None, None, None, None, None], default=KeyDefault(text_color='#000000', text_size=3), x=2.0, y=2.0, width=1, height=1, x2=0, y2=0, width2=1, height2=1, rotation_x=0.0, rotation_y=0.0, rotation_angle=0.0, decal=False, ghost=False, stepped=False, nub=False, profile='', sm='', sb='', st=''), Key(color='#cccccc', labels=['M12', '', '', '', '', '', '', '', '', '', '', ''], text_color=[None, None, None, None, None, None, None, None, None, None, None, None], text_size=[None, None, None, None, None, None, None, None, None, None, None, None], default=KeyDefault(text_color='#000000', text_size=3), x=3.0, y=2.0, width=1, height=1, x2=0, y2=0, width2=1, height2=1, rotation_x=0.0, rotation_y=0.0, rotation_angle=0.0, decal=False, ghost=False, stepped=False, nub=False, profile='', sm='', sb='', st=''), Key(color='#cccccc', labels=['M13', '', '', '', '', '', '', '', '', '', '', ''], text_color=[None, None, None, None, None, None, None, None, None, None, None, None], text_size=[None, None, None, None, None, None, None, None, None, None, None, None], default=KeyDefault(text_color='#000000', text_size=3), x=0.0, y=3.0, width=1, height=1, x2=0, y2=0, width2=1, height2=1, rotation_x=0.0, rotation_y=0.0, rotation_angle=0.0, decal=False, ghost=False, stepped=False, nub=False, profile='', sm='', sb='', st=''), Key(color='#cccccc', labels=['M14', '', '', '', '', '', '', '', '', '', '', ''], text_color=[None, None, None, None, None, None, None, None, None, None, None, None], text_size=[None, None, None, None, None, None, None, None, None, None, None, None], default=KeyDefault(text_color='#000000', text_size=3), x=1.0, y=3.0, width=1, height=1, x2=0, y2=0, width2=1, height2=1, rotation_x=0.0, rotation_y=0.0, rotation_angle=0.0, decal=False, ghost=False, stepped=False, nub=False, profile='', sm='', sb='', st=''), Key(color='#cccccc', labels=['M15', '', '', '', '', '', '', '', '', '', '', ''], text_color=[None, None, None, None, None, None, None, None, None, None, None, None], text_size=[None, None, None, None, None, None, None, None, None, None, None, None], default=KeyDefault(text_color='#000000', text_size=3), x=2.0, y=3.0, width=1, height=1, x2=0, y2=0, width2=1, height2=1, rotation_x=0.0, rotation_y=0.0, rotation_angle=0.0, decal=False, ghost=False, stepped=False, nub=False, profile='', sm='', sb='', st=''), Key(color='#cccccc', labels=['M16', '', '', '', '', '', '', '', '', '', '', ''], text_color=[None, None, None, None, None, None, None, None, None, None, None, None], text_size=[None, None, None, None, None, None, None, None, None, None, None, None], default=KeyDefault(text_color='#000000', text_size=3), x=3.0, y=3.0, width=1, height=1, x2=0, y2=0, width2=1, height2=1, rotation_x=0.0, rotation_y=0.0, rotation_angle=0.0, decal=False, ghost=False, stepped=False, nub=False, profile='', sm='', sb='', st='')])
21:15:34 com_github_zykrah_kicad-kle-placer.kle_placer_action 181: [Key(color='#cccccc', labels=['M1', '', '', '', '', '', '', '', '', '', '', ''], text_color=[None, None, None, None, None, None, None, None, None, None, None, None], text_size=[None, None, None, None, None, None, None, None, None, None, None, None], default=KeyDefault(text_color='#000000', text_size=3), x=0.0, y=0.0, width=1.0, height=1.0, x2=0.0, y2=0.0, width2=1.0, height2=1.0, rotation_x=0.0, rotation_y=0.0, rotation_angle=0.0, decal=False, ghost=False, stepped=False, nub=False, profile='', sm='', sb='', st=''), Key(color='#cccccc', labels=['M2', '', '', '', '', '', '', '', '', '', '', ''], text_color=[None, None, None, None, None, None, None, None, None, None, None, None], text_size=[None, None, None, None, None, None, None, None, None, None, None, None], default=KeyDefault(text_color='#000000', text_size=3), x=1.0, y=0.0, width=1, height=1, x2=0, y2=0, width2=1, height2=1, rotation_x=0.0, rotation_y=0.0, rotation_angle=0.0, decal=False, ghost=False, stepped=False, nub=False, profile='', sm='', sb='', st=''), Key(color='#cccccc', labels=['M3', '', '', '', '', '', '', '', '', '', '', ''], text_color=[None, None, None, None, None, None, None, None, None, None, None, None], text_size=[None, None, None, None, None, None, None, None, None, None, None, None], default=KeyDefault(text_color='#000000', text_size=3), x=2.0, y=0.0, width=1, height=1, x2=0, y2=0, width2=1, height2=1, rotation_x=0.0, rotation_y=0.0, rotation_angle=0.0, decal=False, ghost=False, stepped=False, nub=False, profile='', sm='', sb='', st=''), Key(color='#cccccc', labels=['M4', '', '', '', '', '', '', '', '', '', '', ''], text_color=[None, None, None, None, None, None, None, None, None, None, None, None], text_size=[None, None, None, None, None, None, None, None, None, None, None, None], default=KeyDefault(text_color='#000000', text_size=3), x=3.0, y=0.0, width=1, height=1, x2=0, y2=0, width2=1, height2=1, rotation_x=0.0, rotation_y=0.0, rotation_angle=0.0, decal=False, ghost=False, stepped=False, nub=False, profile='', sm='', sb='', st=''), Key(color='#cccccc', labels=['M5', '', '', '', '', '', '', '', '', '', '', ''], text_color=[None, None, None, None, None, None, None, None, None, None, None, None], text_size=[None, None, None, None, None, None, None, None, None, None, None, None], default=KeyDefault(text_color='#000000', text_size=3), x=0.0, y=1.0, width=1, height=1, x2=0, y2=0, width2=1, height2=1, rotation_x=0.0, rotation_y=0.0, rotation_angle=0.0, decal=False, ghost=False, stepped=False, nub=False, profile='', sm='', sb='', st=''), Key(color='#cccccc', labels=['M6', '', '', '', '', '', '', '', '', '', '', ''], text_color=[None, None, None, None, None, None, None, None, None, None, None, None], text_size=[None, None, None, None, None, None, None, None, None, None, None, None], default=KeyDefault(text_color='#000000', text_size=3), x=1.0, y=1.0, width=1, height=1, x2=0, y2=0, width2=1, height2=1, rotation_x=0.0, rotation_y=0.0, rotation_angle=0.0, decal=False, ghost=False, stepped=False, nub=False, profile='', sm='', sb='', st=''), Key(color='#cccccc', labels=['M7', '', '', '', '', '', '', '', '', '', '', ''], text_color=[None, None, None, None, None, None, None, None, None, None, None, None], text_size=[None, None, None, None, None, None, None, None, None, None, None, None], default=KeyDefault(text_color='#000000', text_size=3), x=2.0, y=1.0, width=1, height=1, x2=0, y2=0, width2=1, height2=1, rotation_x=0.0, rotation_y=0.0, rotation_angle=0.0, decal=False, ghost=False, stepped=False, nub=False, profile='', sm='', sb='', st=''), Key(color='#cccccc', labels=['M8', '', '', '', '', '', '', '', '', '', '', ''], text_color=[None, None, None, None, None, None, None, None, None, None, None, None], text_size=[None, None, None, None, None, None, None, None, None, None, None, None], default=KeyDefault(text_color='#000000', text_size=3), x=3.0, y=1.0, width=1, height=1, x2=0, y2=0, width2=1, height2=1, rotation_x=0.0, rotation_y=0.0, rotation_angle=0.0, decal=False, ghost=False, stepped=False, nub=False, profile='', sm='', sb='', st=''), Key(color='#cccccc', labels=['M9', '', '', '', '', '', '', '', '', '', '', ''], text_color=[None, None, None, None, None, None, None, None, None, None, None, None], text_size=[None, None, None, None, None, None, None, None, None, None, None, None], default=KeyDefault(text_color='#000000', text_size=3), x=0.0, y=2.0, width=1, height=1, x2=0, y2=0, width2=1, height2=1, rotation_x=0.0, rotation_y=0.0, rotation_angle=0.0, decal=False, ghost=False, stepped=False, nub=False, profile='', sm='', sb='', st=''), Key(color='#cccccc', labels=['M10', '', '', '', '', '', '', '', '', '', '', ''], text_color=[None, None, None, None, None, None, None, None, None, None, None, None], text_size=[None, None, None, None, None, None, None, None, None, None, None, None], default=KeyDefault(text_color='#000000', text_size=3), x=1.0, y=2.0, width=1, height=1, x2=0, y2=0, width2=1, height2=1, rotation_x=0.0, rotation_y=0.0, rotation_angle=0.0, decal=False, ghost=False, stepped=False, nub=False, profile='', sm='', sb='', st=''), Key(color='#cccccc', labels=['M11', '', '', '', '', '', '', '', '', '', '', ''], text_color=[None, None, None, None, None, None, None, None, None, None, None, None], text_size=[None, None, None, None, None, None, None, None, None, None, None, None], default=KeyDefault(text_color='#000000', text_size=3), x=2.0, y=2.0, width=1, height=1, x2=0, y2=0, width2=1, height2=1, rotation_x=0.0, rotation_y=0.0, rotation_angle=0.0, decal=False, ghost=False, stepped=False, nub=False, profile='', sm='', sb='', st=''), Key(color='#cccccc', labels=['M12', '', '', '', '', '', '', '', '', '', '', ''], text_color=[None, None, None, None, None, None, None, None, None, None, None, None], text_size=[None, None, None, None, None, None, None, None, None, None, None, None], default=KeyDefault(text_color='#000000', text_size=3), x=3.0, y=2.0, width=1, height=1, x2=0, y2=0, width2=1, height2=1, rotation_x=0.0, rotation_y=0.0, rotation_angle=0.0, decal=False, ghost=False, stepped=False, nub=False, profile='', sm='', sb='', st=''), Key(color='#cccccc', labels=['M13', '', '', '', '', '', '', '', '', '', '', ''], text_color=[None, None, None, None, None, None, None, None, None, None, None, None], text_size=[None, None, None, None, None, None, None, None, None, None, None, None], default=KeyDefault(text_color='#000000', text_size=3), x=0.0, y=3.0, width=1, height=1, x2=0, y2=0, width2=1, height2=1, rotation_x=0.0, rotation_y=0.0, rotation_angle=0.0, decal=False, ghost=False, stepped=False, nub=False, profile='', sm='', sb='', st=''), Key(color='#cccccc', labels=['M14', '', '', '', '', '', '', '', '', '', '', ''], text_color=[None, None, None, None, None, None, None, None, None, None, None, None], text_size=[None, None, None, None, None, None, None, None, None, None, None, None], default=KeyDefault(text_color='#000000', text_size=3), x=1.0, y=3.0, width=1, height=1, x2=0, y2=0, width2=1, height2=1, rotation_x=0.0, rotation_y=0.0, rotation_angle=0.0, decal=False, ghost=False, stepped=False, nub=False, profile='', sm='', sb='', st=''), Key(color='#cccccc', labels=['M15', '', '', '', '', '', '', '', '', '', '', ''], text_color=[None, None, None, None, None, None, None, None, None, None, None, None], text_size=[None, None, None, None, None, None, None, None, None, None, None, None], default=KeyDefault(text_color='#000000', text_size=3), x=2.0, y=3.0, width=1, height=1, x2=0, y2=0, width2=1, height2=1, rotation_x=0.0, rotation_y=0.0, rotation_angle=0.0, decal=False, ghost=False, stepped=False, nub=False, profile='', sm='', sb='', st=''), Key(color='#cccccc', labels=['M16', '', '', '', '', '', '', '', '', '', '', ''], text_color=[None, None, None, None, None, None, None, None, None, None, None, None], text_size=[None, None, None, None, None, None, None, None, None, None, None, None], default=KeyDefault(text_color='#000000', text_size=3), x=3.0, y=3.0, width=1, height=1, x2=0, y2=0, width2=1, height2=1, rotation_x=0.0, rotation_y=0.0, rotation_angle=0.0, decal=False, ghost=False, stepped=False, nub=False, profile='', sm='', sb='', st='')]
21:15:34 com_github_zykrah_kicad-kle-placer.kle_placer_action 134: Searching for MX1 footprint
21:15:34 com_github_zykrah_kicad-kle-placer.kle_placer_action 348: first_key_pos (81395000, 39975000)
21:15:34 com_github_zykrah_kicad-kle-placer.kle_placer_action 361: default_key_rotation 180.0
21:15:34 com_github_zykrah_kicad-kle-placer.kle_placer_action 134: Searching for D1 footprint
21:15:34 com_github_zykrah_kicad-kle-placer.kle_placer_action 134: Searching for D1 footprint
21:15:34 com_github_zykrah_kicad-kle-placer.kle_placer_action 134: Searching for MX1 footprint
21:15:34 com_github_zykrah_kicad-kle-placer.kle_placer_action 134: Searching for S1 footprint
21:15:34 com_github_zykrah_kicad-kle-placer.kle_placer_action 142: Setting MX1 footprint position: (90920000, 49500000)
21:15:34 com_github_zykrah_kicad-kle-placer.kle_placer_action 142: Setting D1 footprint position: (97445000, 52500000)
21:15:34 com_github_zykrah_kicad-kle-placer.kle_placer_action 150: Rotating D1 footprint: rotationReference: (90920000, 49500000), rotationAngle: 0
21:15:34 com_github_zykrah_kicad-kle-placer.kle_placer_action 134: Searching for D2 footprint
21:15:34 com_github_zykrah_kicad-kle-placer.kle_placer_action 134: Searching for MX2 footprint
21:15:34 com_github_zykrah_kicad-kle-placer.kle_placer_action 134: Searching for S2 footprint
21:15:34 com_github_zykrah_kicad-kle-placer.kle_placer_action 142: Setting MX2 footprint position: (109970000, 49500000)
21:15:34 com_github_zykrah_kicad-kle-placer.kle_placer_action 142: Setting D2 footprint position: (116495000, 52500000)
21:15:34 com_github_zykrah_kicad-kle-placer.kle_placer_action 150: Rotating D2 footprint: rotationReference: (109970000, 49500000), rotationAngle: 0
21:15:34 com_github_zykrah_kicad-kle-placer.kle_placer_action 134: Searching for D3 footprint
21:15:34 com_github_zykrah_kicad-kle-placer.kle_placer_action 134: Searching for MX3 footprint
21:15:34 com_github_zykrah_kicad-kle-placer.kle_placer_action 134: Searching for S3 footprint
21:15:34 com_github_zykrah_kicad-kle-placer.kle_placer_action 142: Setting MX3 footprint position: (129020000, 49500000)
21:15:34 com_github_zykrah_kicad-kle-placer.kle_placer_action 142: Setting D3 footprint position: (135545000, 52500000)
21:15:34 com_github_zykrah_kicad-kle-placer.kle_placer_action 150: Rotating D3 footprint: rotationReference: (129020000, 49500000), rotationAngle: 0
21:15:34 com_github_zykrah_kicad-kle-placer.kle_placer_action 134: Searching for D4 footprint
21:15:34 com_github_zykrah_kicad-kle-placer.kle_placer_action 134: Searching for MX4 footprint
21:15:34 com_github_zykrah_kicad-kle-placer.kle_placer_action 134: Searching for S4 footprint
21:15:34 com_github_zykrah_kicad-kle-placer.kle_placer_action 142: Setting MX4 footprint position: (148070000, 49500000)
21:15:34 com_github_zykrah_kicad-kle-placer.kle_placer_action 142: Setting D4 footprint position: (154595000, 52500000)
21:15:34 com_github_zykrah_kicad-kle-placer.kle_placer_action 150: Rotating D4 footprint: rotationReference: (148070000, 49500000), rotationAngle: 0
21:15:34 com_github_zykrah_kicad-kle-placer.kle_placer_action 134: Searching for D5 footprint
21:15:34 com_github_zykrah_kicad-kle-placer.kle_placer_action 134: Searching for MX5 footprint
21:15:34 com_github_zykrah_kicad-kle-placer.kle_placer_action 134: Searching for S5 footprint
21:15:34 com_github_zykrah_kicad-kle-placer.kle_placer_action 142: Setting MX5 footprint position: (90920000, 68550000)
21:15:34 com_github_zykrah_kicad-kle-placer.kle_placer_action 142: Setting D5 footprint position: (97445000, 71550000)
21:15:34 com_github_zykrah_kicad-kle-placer.kle_placer_action 150: Rotating D5 footprint: rotationReference: (90920000, 68550000), rotationAngle: 0
21:15:34 com_github_zykrah_kicad-kle-placer.kle_placer_action 134: Searching for D6 footprint
21:15:34 com_github_zykrah_kicad-kle-placer.kle_placer_action 134: Searching for MX6 footprint
21:15:34 com_github_zykrah_kicad-kle-placer.kle_placer_action 134: Searching for S6 footprint
21:15:34 com_github_zykrah_kicad-kle-placer.kle_placer_action 142: Setting MX6 footprint position: (109970000, 68550000)
21:15:34 com_github_zykrah_kicad-kle-placer.kle_placer_action 142: Setting D6 footprint position: (116495000, 71550000)
21:15:34 com_github_zykrah_kicad-kle-placer.kle_placer_action 150: Rotating D6 footprint: rotationReference: (109970000, 68550000), rotationAngle: 0
21:15:34 com_github_zykrah_kicad-kle-placer.kle_placer_action 134: Searching for D7 footprint
21:15:34 com_github_zykrah_kicad-kle-placer.kle_placer_action 134: Searching for MX7 footprint
21:15:34 com_github_zykrah_kicad-kle-placer.kle_placer_action 134: Searching for S7 footprint
21:15:34 com_github_zykrah_kicad-kle-placer.kle_placer_action 142: Setting MX7 footprint position: (129020000, 68550000)
21:15:34 com_github_zykrah_kicad-kle-placer.kle_placer_action 142: Setting D7 footprint position: (135545000, 71550000)
21:15:34 com_github_zykrah_kicad-kle-placer.kle_placer_action 150: Rotating D7 footprint: rotationReference: (129020000, 68550000), rotationAngle: 0
21:15:34 com_github_zykrah_kicad-kle-placer.kle_placer_action 134: Searching for D8 footprint
21:15:34 com_github_zykrah_kicad-kle-placer.kle_placer_action 134: Searching for MX8 footprint
21:15:34 com_github_zykrah_kicad-kle-placer.kle_placer_action 134: Searching for S8 footprint
21:15:34 com_github_zykrah_kicad-kle-placer.kle_placer_action 142: Setting MX8 footprint position: (148070000, 68550000)
21:15:34 com_github_zykrah_kicad-kle-placer.kle_placer_action 142: Setting D8 footprint position: (154595000, 71550000)
21:15:34 com_github_zykrah_kicad-kle-placer.kle_placer_action 150: Rotating D8 footprint: rotationReference: (148070000, 68550000), rotationAngle: 0
21:15:34 com_github_zykrah_kicad-kle-placer.kle_placer_action 134: Searching for D9 footprint
21:15:34 com_github_zykrah_kicad-kle-placer.kle_placer_action 134: Searching for MX9 footprint
21:15:34 com_github_zykrah_kicad-kle-placer.kle_placer_action 134: Searching for S9 footprint
21:15:34 com_github_zykrah_kicad-kle-placer.kle_placer_action 142: Setting MX9 footprint position: (90920000, 87600000)
21:15:34 com_github_zykrah_kicad-kle-placer.kle_placer_action 142: Setting D9 footprint position: (97445000, 90600000)
21:15:34 com_github_zykrah_kicad-kle-placer.kle_placer_action 150: Rotating D9 footprint: rotationReference: (90920000, 87600000), rotationAngle: 0
21:15:34 com_github_zykrah_kicad-kle-placer.kle_placer_action 134: Searching for D10 footprint
21:15:34 com_github_zykrah_kicad-kle-placer.kle_placer_action 134: Searching for MX10 footprint
21:15:34 com_github_zykrah_kicad-kle-placer.kle_placer_action 134: Searching for S10 footprint
21:15:34 com_github_zykrah_kicad-kle-placer.kle_placer_action 142: Setting MX10 footprint position: (109970000, 87600000)
21:15:34 com_github_zykrah_kicad-kle-placer.kle_placer_action 142: Setting D10 footprint position: (116495000, 90600000)
21:15:34 com_github_zykrah_kicad-kle-placer.kle_placer_action 150: Rotating D10 footprint: rotationReference: (109970000, 87600000), rotationAngle: 0
21:15:34 com_github_zykrah_kicad-kle-placer.kle_placer_action 134: Searching for D11 footprint
21:15:34 com_github_zykrah_kicad-kle-placer.kle_placer_action 134: Searching for MX11 footprint
21:15:34 com_github_zykrah_kicad-kle-placer.kle_placer_action 134: Searching for S11 footprint
21:15:34 com_github_zykrah_kicad-kle-placer.kle_placer_action 142: Setting MX11 footprint position: (129020000, 87600000)
21:15:34 com_github_zykrah_kicad-kle-placer.kle_placer_action 142: Setting D11 footprint position: (135545000, 90600000)
21:15:34 com_github_zykrah_kicad-kle-placer.kle_placer_action 150: Rotating D11 footprint: rotationReference: (129020000, 87600000), rotationAngle: 0
21:15:34 com_github_zykrah_kicad-kle-placer.kle_placer_action 134: Searching for D12 footprint
21:15:34 com_github_zykrah_kicad-kle-placer.kle_placer_action 134: Searching for MX12 footprint
21:15:34 com_github_zykrah_kicad-kle-placer.kle_placer_action 134: Searching for S12 footprint
21:15:34 com_github_zykrah_kicad-kle-placer.kle_placer_action 142: Setting MX12 footprint position: (148070000, 87600000)
21:15:34 com_github_zykrah_kicad-kle-placer.kle_placer_action 142: Setting D12 footprint position: (154595000, 90600000)
21:15:34 com_github_zykrah_kicad-kle-placer.kle_placer_action 150: Rotating D12 footprint: rotationReference: (148070000, 87600000), rotationAngle: 0
21:15:34 com_github_zykrah_kicad-kle-placer.kle_placer_action 134: Searching for D13 footprint
21:15:34 com_github_zykrah_kicad-kle-placer.kle_placer_action 134: Searching for MX13 footprint
21:15:34 com_github_zykrah_kicad-kle-placer.kle_placer_action 134: Searching for S13 footprint
21:15:34 com_github_zykrah_kicad-kle-placer.kle_placer_action 142: Setting MX13 footprint position: (90920000, 106650000)
21:15:34 com_github_zykrah_kicad-kle-placer.kle_placer_action 142: Setting D13 footprint position: (97445000, 109650000)
21:15:34 com_github_zykrah_kicad-kle-placer.kle_placer_action 150: Rotating D13 footprint: rotationReference: (90920000, 106650000), rotationAngle: 0
21:15:34 com_github_zykrah_kicad-kle-placer.kle_placer_action 134: Searching for D14 footprint
21:15:34 com_github_zykrah_kicad-kle-placer.kle_placer_action 134: Searching for MX14 footprint
21:15:34 com_github_zykrah_kicad-kle-placer.kle_placer_action 134: Searching for S14 footprint
21:15:34 com_github_zykrah_kicad-kle-placer.kle_placer_action 142: Setting MX14 footprint position: (109970000, 106650000)
21:15:34 com_github_zykrah_kicad-kle-placer.kle_placer_action 142: Setting D14 footprint position: (116495000, 109650000)
21:15:34 com_github_zykrah_kicad-kle-placer.kle_placer_action 150: Rotating D14 footprint: rotationReference: (109970000, 106650000), rotationAngle: 0
21:15:34 com_github_zykrah_kicad-kle-placer.kle_placer_action 134: Searching for D15 footprint
21:15:34 com_github_zykrah_kicad-kle-placer.kle_placer_action 134: Searching for MX15 footprint
21:15:34 com_github_zykrah_kicad-kle-placer.kle_placer_action 134: Searching for S15 footprint
21:15:34 com_github_zykrah_kicad-kle-placer.kle_placer_action 142: Setting MX15 footprint position: (129020000, 106650000)
21:15:34 com_github_zykrah_kicad-kle-placer.kle_placer_action 142: Setting D15 footprint position: (135545000, 109650000)
21:15:34 com_github_zykrah_kicad-kle-placer.kle_placer_action 150: Rotating D15 footprint: rotationReference: (129020000, 106650000), rotationAngle: 0
21:15:34 com_github_zykrah_kicad-kle-placer.kle_placer_action 134: Searching for D16 footprint
21:15:34 com_github_zykrah_kicad-kle-placer.kle_placer_action 134: Searching for MX16 footprint
21:15:34 com_github_zykrah_kicad-kle-placer.kle_placer_action 134: Searching for S16 footprint
21:15:34 com_github_zykrah_kicad-kle-placer.kle_placer_action 142: Setting MX16 footprint position: (148070000, 106650000)
21:15:34 com_github_zykrah_kicad-kle-placer.kle_placer_action 142: Setting D16 footprint position: (154595000, 109650000)
21:15:34 com_github_zykrah_kicad-kle-placer.kle_placer_action 150: Rotating D16 footprint: rotationReference: (148070000, 106650000), rotationAngle: 0
